<?xml version="1.0" encoding="UTF-8"?>
<testsuite name="br.com.codenation.calculadora.CalculadoraSalarioTest" tests="1" skipped="0" failures="0" errors="0" timestamp="2020-07-14T22:30:51" hostname="DESKTOP-E9P0AIS" time="0.003">
  <properties/>
  <testcase name="salarioLiquidoIsNotNull" classname="br.com.codenation.calculadora.CalculadoraSalarioTest" time="0.003"/>
  <system-out><![CDATA[]]></system-out>
  <system-err><![CDATA[]]></system-err>
</testsuite>
